<?xml version="1.0" encoding="UTF-8"?>
<!-- Generated by org.testng.reporters.JUnitReportReporter -->
<testsuite hostname="Neeta-Toronto" failures="0" tests="1" name="testLayer.TestContactUs" time="16.526" errors="0" timestamp="2023-09-05T00:22:54 EDT" skipped="0">
  <testcase classname="testLayer.TestContactUs" name="contactdetails" time="16.526"/>
  <system-out/>
</testsuite> <!-- testLayer.TestContactUs -->
